[INFO] [2019-06-24 00:05:58][org.springframework.test.context.support.DefaultTestContextBootstrapper]Loaded default TestExecutionListener class names from location [META-INF/spring.factories]: [org.springframework.test.context.web.ServletTestExecutionListener, org.springframework.test.context.support.DirtiesContextBeforeModesTestExecutionListener, org.springframework.test.context.support.DependencyInjectionTestExecutionListener, org.springframework.test.context.support.DirtiesContextTestExecutionListener, org.springframework.test.context.transaction.TransactionalTestExecutionListener, org.springframework.test.context.jdbc.SqlScriptsTestExecutionListener]
[INFO] [2019-06-24 00:05:58][org.springframework.test.context.support.DefaultTestContextBootstrapper]Using TestExecutionListeners: [org.springframework.test.context.web.ServletTestExecutionListener@4f970963, org.springframework.test.context.support.DirtiesContextBeforeModesTestExecutionListener@61f8bee4, org.springframework.test.context.support.DependencyInjectionTestExecutionListener@7b49cea0, org.springframework.test.context.support.DirtiesContextTestExecutionListener@887af79, org.springframework.test.context.transaction.TransactionalTestExecutionListener@7fac631b, org.springframework.test.context.jdbc.SqlScriptsTestExecutionListener@5b87ed94]
[INFO] [2019-06-24 00:05:58][org.springframework.beans.factory.xml.XmlBeanDefinitionReader]Loading XML bean definitions from class path resource [spring-mybatis.xml]
[INFO] [2019-06-24 00:05:58][org.springframework.context.support.GenericApplicationContext]Refreshing org.springframework.context.support.GenericApplicationContext@17579e0f: startup date [Mon Jun 24 00:05:58 CST 2019]; root of context hierarchy
[INFO] [2019-06-24 00:05:58][org.springframework.beans.factory.annotation.AutowiredAnnotationBeanPostProcessor]JSR-330 'javax.inject.Inject' annotation found and supported for autowiring
[INFO] [2019-06-24 00:06:00][com.alibaba.druid.pool.DruidDataSource]{dataSource-1} inited
[INFO] [2019-06-24 00:06:01][artsale.test.UserTest][com.lnsf.entities.User@75ed9710]
[INFO] [2019-06-24 00:06:01][org.springframework.context.support.GenericApplicationContext]Closing org.springframework.context.support.GenericApplicationContext@17579e0f: startup date [Mon Jun 24 00:05:58 CST 2019]; root of context hierarchy
[INFO] [2019-06-24 00:06:01][com.alibaba.druid.pool.DruidDataSource]{dataSource-1} closed
[INFO] [2019-06-24 00:19:19][org.springframework.test.context.support.DefaultTestContextBootstrapper]Loaded default TestExecutionListener class names from location [META-INF/spring.factories]: [org.springframework.test.context.web.ServletTestExecutionListener, org.springframework.test.context.support.DirtiesContextBeforeModesTestExecutionListener, org.springframework.test.context.support.DependencyInjectionTestExecutionListener, org.springframework.test.context.support.DirtiesContextTestExecutionListener, org.springframework.test.context.transaction.TransactionalTestExecutionListener, org.springframework.test.context.jdbc.SqlScriptsTestExecutionListener]
[INFO] [2019-06-24 00:19:19][org.springframework.test.context.support.DefaultTestContextBootstrapper]Using TestExecutionListeners: [org.springframework.test.context.web.ServletTestExecutionListener@4f970963, org.springframework.test.context.support.DirtiesContextBeforeModesTestExecutionListener@61f8bee4, org.springframework.test.context.support.DependencyInjectionTestExecutionListener@7b49cea0, org.springframework.test.context.support.DirtiesContextTestExecutionListener@887af79, org.springframework.test.context.transaction.TransactionalTestExecutionListener@7fac631b, org.springframework.test.context.jdbc.SqlScriptsTestExecutionListener@5b87ed94]
[INFO] [2019-06-24 00:19:20][org.springframework.beans.factory.xml.XmlBeanDefinitionReader]Loading XML bean definitions from class path resource [spring-mybatis.xml]
[INFO] [2019-06-24 00:19:20][org.springframework.context.support.GenericApplicationContext]Refreshing org.springframework.context.support.GenericApplicationContext@17579e0f: startup date [Mon Jun 24 00:19:20 CST 2019]; root of context hierarchy
[INFO] [2019-06-24 00:19:20][org.springframework.beans.factory.annotation.AutowiredAnnotationBeanPostProcessor]JSR-330 'javax.inject.Inject' annotation found and supported for autowiring
[INFO] [2019-06-24 00:19:22][com.alibaba.druid.pool.DruidDataSource]{dataSource-1} inited
[INFO] [2019-06-24 00:19:23][artsale.test.UserTest][com.lnsf.entities.User@75ed9710]
[INFO] [2019-06-24 00:19:23][org.springframework.context.support.GenericApplicationContext]Closing org.springframework.context.support.GenericApplicationContext@17579e0f: startup date [Mon Jun 24 00:19:20 CST 2019]; root of context hierarchy
[INFO] [2019-06-24 00:19:23][com.alibaba.druid.pool.DruidDataSource]{dataSource-1} closed
[INFO] [2019-06-24 00:33:48][org.springframework.test.context.support.DefaultTestContextBootstrapper]Loaded default TestExecutionListener class names from location [META-INF/spring.factories]: [org.springframework.test.context.web.ServletTestExecutionListener, org.springframework.test.context.support.DirtiesContextBeforeModesTestExecutionListener, org.springframework.test.context.support.DependencyInjectionTestExecutionListener, org.springframework.test.context.support.DirtiesContextTestExecutionListener, org.springframework.test.context.transaction.TransactionalTestExecutionListener, org.springframework.test.context.jdbc.SqlScriptsTestExecutionListener]
[INFO] [2019-06-24 00:33:48][org.springframework.test.context.support.DefaultTestContextBootstrapper]Using TestExecutionListeners: [org.springframework.test.context.web.ServletTestExecutionListener@4f970963, org.springframework.test.context.support.DirtiesContextBeforeModesTestExecutionListener@61f8bee4, org.springframework.test.context.support.DependencyInjectionTestExecutionListener@7b49cea0, org.springframework.test.context.support.DirtiesContextTestExecutionListener@887af79, org.springframework.test.context.transaction.TransactionalTestExecutionListener@7fac631b, org.springframework.test.context.jdbc.SqlScriptsTestExecutionListener@5b87ed94]
[INFO] [2019-06-24 00:33:48][org.springframework.beans.factory.xml.XmlBeanDefinitionReader]Loading XML bean definitions from class path resource [spring-mybatis.xml]
[INFO] [2019-06-24 00:33:48][org.springframework.context.support.GenericApplicationContext]Refreshing org.springframework.context.support.GenericApplicationContext@17579e0f: startup date [Mon Jun 24 00:33:48 CST 2019]; root of context hierarchy
[INFO] [2019-06-24 00:33:49][org.springframework.beans.factory.annotation.AutowiredAnnotationBeanPostProcessor]JSR-330 'javax.inject.Inject' annotation found and supported for autowiring
[INFO] [2019-06-24 00:33:50][com.alibaba.druid.pool.DruidDataSource]{dataSource-1} inited
[INFO] [2019-06-24 00:33:51][artsale.test.UserTest][com.lnsf.entities.User@75ed9710]
[INFO] [2019-06-24 00:33:51][org.springframework.context.support.GenericApplicationContext]Closing org.springframework.context.support.GenericApplicationContext@17579e0f: startup date [Mon Jun 24 00:33:48 CST 2019]; root of context hierarchy
[INFO] [2019-06-24 00:33:51][com.alibaba.druid.pool.DruidDataSource]{dataSource-1} closed
